<?xml version="1.0" encoding="UTF-8"?>
<!-- Generated by org.testng.reporters.JUnitReportReporter -->
<testsuite skipped="0" hostname="LAPTOP-VFCCS4RR" name="Test_Case.Create_repository_test" tests="1" failures="0" timestamp="2021-07-13T22:09:36 IST" time="0.836" errors="0">
  <testcase name="repository" time="0.836" classname="Test_Case.Create_repository_test"/>
  <system-out/>
</testsuite> <!-- Test_Case.Create_repository_test -->
