<?xml version="1.0" encoding="UTF-8"?>
<!-- Generated by org.testng.reporters.JUnitReportReporter -->
<testsuite skipped="0" hostname="LAPTOP-VFCCS4RR" name="Test_Case.Launch_page_test" tests="2" failures="0" timestamp="2021-07-13T22:09:36 IST" time="52.616" errors="0">
  <testcase name="GetLaunch_url" time="37.412" classname="Test_Case.Launch_page_test"/>
  <system-out/>
  <testcase name="Enterdetails" time="15.204" classname="Test_Case.Launch_page_test"/>
  <system-out/>
</testsuite> <!-- Test_Case.Launch_page_test -->
